  main.cpp
C:\Users\johtai\Desktop\computer-graphics\lab11\lab20var2\main.cpp(38,1): warning C4566: character represented by universal-character-name '\u0426' cannot be represented in the current code page (1252)
C:\Users\johtai\Desktop\computer-graphics\lab11\lab20var2\main.cpp(38,1): warning C4566: character represented by universal-character-name '\u0432' cannot be represented in the current code page (1252)
C:\Users\johtai\Desktop\computer-graphics\lab11\lab20var2\main.cpp(38,1): warning C4566: character represented by universal-character-name '\u0435' cannot be represented in the current code page (1252)
C:\Users\johtai\Desktop\computer-graphics\lab11\lab20var2\main.cpp(38,1): warning C4566: character represented by universal-character-name '\u0442' cannot be represented in the current code page (1252)
C:\Users\johtai\Desktop\computer-graphics\lab11\lab20var2\main.cpp(38,1): warning C4566: character represented by universal-character-name '\u0440' cannot be represented in the current code page (1252)
C:\Users\johtai\Desktop\computer-graphics\lab11\lab20var2\main.cpp(38,1): warning C4566: character represented by universal-character-name '\u0448' cannot be represented in the current code page (1252)
C:\Users\johtai\Desktop\computer-graphics\lab11\lab20var2\main.cpp(38,1): warning C4566: character represented by universal-character-name '\u0438' cannot be represented in the current code page (1252)
C:\Users\johtai\Desktop\computer-graphics\lab11\lab20var2\main.cpp(38,1): warning C4566: character represented by universal-character-name '\u043D' cannot be represented in the current code page (1252)
C:\Users\johtai\Desktop\computer-graphics\lab11\lab20var2\main.cpp(38,1): warning C4566: character represented by universal-character-name '\u044B' cannot be represented in the current code page (1252)
C:\Users\johtai\Desktop\computer-graphics\lab11\lab20var2\main.cpp(38,1): warning C4566: character represented by universal-character-name '\u0434' cannot be represented in the current code page (1252)
C:\Users\johtai\Desktop\computer-graphics\lab11\lab20var2\main.cpp(38,1): warning C4566: character represented by universal-character-name '\u043B' cannot be represented in the current code page (1252)
C:\Users\johtai\Desktop\computer-graphics\lab11\lab20var2\main.cpp(38,1): warning C4566: character represented by universal-character-name '\u044F' cannot be represented in the current code page (1252)
C:\Users\johtai\Desktop\computer-graphics\lab11\lab20var2\main.cpp(38,1): warning C4566: character represented by universal-character-name '\u0433' cannot be represented in the current code page (1252)
C:\Users\johtai\Desktop\computer-graphics\lab11\lab20var2\main.cpp(38,1): warning C4566: character represented by universal-character-name '\u0430' cannot be represented in the current code page (1252)
C:\Users\johtai\Desktop\computer-graphics\lab11\lab20var2\main.cpp(39,1): warning C4566: character represented by universal-character-name '\u041F' cannot be represented in the current code page (1252)
C:\Users\johtai\Desktop\computer-graphics\lab11\lab20var2\main.cpp(39,1): warning C4566: character represented by universal-character-name '\u0435' cannot be represented in the current code page (1252)
C:\Users\johtai\Desktop\computer-graphics\lab11\lab20var2\main.cpp(39,1): warning C4566: character represented by universal-character-name '\u0440' cannot be represented in the current code page (1252)
C:\Users\johtai\Desktop\computer-graphics\lab11\lab20var2\main.cpp(39,1): warning C4566: character represented by universal-character-name '\u0434' cannot be represented in the current code page (1252)
C:\Users\johtai\Desktop\computer-graphics\lab11\lab20var2\main.cpp(39,1): warning C4566: character represented by universal-character-name '\u0430' cannot be represented in the current code page (1252)
C:\Users\johtai\Desktop\computer-graphics\lab11\lab20var2\main.cpp(39,1): warning C4566: character represented by universal-character-name '\u0447' cannot be represented in the current code page (1252)
C:\Users\johtai\Desktop\computer-graphics\lab11\lab20var2\main.cpp(39,1): warning C4566: character represented by universal-character-name '\u0446' cannot be represented in the current code page (1252)
C:\Users\johtai\Desktop\computer-graphics\lab11\lab20var2\main.cpp(39,1): warning C4566: character represented by universal-character-name '\u0432' cannot be represented in the current code page (1252)
C:\Users\johtai\Desktop\computer-graphics\lab11\lab20var2\main.cpp(39,1): warning C4566: character represented by universal-character-name '\u0442' cannot be represented in the current code page (1252)
C:\Users\johtai\Desktop\computer-graphics\lab11\lab20var2\main.cpp(39,1): warning C4566: character represented by universal-character-name '\u0444' cannot be represented in the current code page (1252)
C:\Users\johtai\Desktop\computer-graphics\lab11\lab20var2\main.cpp(39,1): warning C4566: character represented by universal-character-name '\u0433' cannot be represented in the current code page (1252)
C:\Users\johtai\Desktop\computer-graphics\lab11\lab20var2\main.cpp(39,1): warning C4566: character represented by universal-character-name '\u043C' cannot be represented in the current code page (1252)
C:\Users\johtai\Desktop\computer-graphics\lab11\lab20var2\main.cpp(39,1): warning C4566: character represented by universal-character-name '\u043D' cannot be represented in the current code page (1252)
C:\Users\johtai\Desktop\computer-graphics\lab11\lab20var2\main.cpp(39,1): warning C4566: character represented by universal-character-name '\u044B' cannot be represented in the current code page (1252)
C:\Users\johtai\Desktop\computer-graphics\lab11\lab20var2\main.cpp(39,1): warning C4566: character represented by universal-character-name '\u0439' cannot be represented in the current code page (1252)
C:\Users\johtai\Desktop\computer-graphics\lab11\lab20var2\main.cpp(39,1): warning C4566: character represented by universal-character-name '\u0448' cannot be represented in the current code page (1252)
  lab20var2.vcxproj -> C:\Users\johtai\Desktop\computer-graphics\lab11\x64\Debug\lab20var2.exe
  'pwsh.exe' is not recognized as an internal or external command,
  operable program or batch file.
