c:\users\danik\desktop\compgrd\computer-graphics\lab10\lab20var2\x64\debug\vc143.pdb
c:\users\danik\desktop\compgrd\computer-graphics\lab10\lab20var2\x64\debug\vc143.idb
c:\users\danik\desktop\compgrd\computer-graphics\lab10\lab20var2\x64\debug\main.obj
c:\users\johtai\source\repos\lab20var2\x64\debug\glew32d.dll
c:\users\johtai\source\repos\lab20var2\x64\debug\sfml-system-d-2.dll
c:\users\johtai\source\repos\lab20var2\x64\debug\sfml-window-d-2.dll
c:\users\danik\desktop\compgrd\computer-graphics\lab10\x64\debug\glew32d.dll
c:\users\danik\desktop\compgrd\computer-graphics\lab10\x64\debug\sfml-system-d-2.dll
c:\users\danik\desktop\compgrd\computer-graphics\lab10\x64\debug\sfml-window-d-2.dll
c:\users\danik\desktop\compgrd\computer-graphics\lab10\x64\debug\sfml-graphics-d-2.dll
c:\users\danik\desktop\compgrd\computer-graphics\lab10\x64\debug\freetyped.dll
c:\users\danik\desktop\compgrd\computer-graphics\lab10\x64\debug\zlibd1.dll
c:\users\danik\desktop\compgrd\computer-graphics\lab10\x64\debug\bz2d.dll
c:\users\danik\desktop\compgrd\computer-graphics\lab10\x64\debug\libpng16d.dll
c:\users\danik\desktop\compgrd\computer-graphics\lab10\x64\debug\brotlidec.dll
c:\users\danik\desktop\compgrd\computer-graphics\lab10\x64\debug\brotlicommon.dll
c:\users\danik\desktop\compgrd\computer-graphics\lab10\x64\debug\lab20var2.exe
c:\users\danik\desktop\compgrd\computer-graphics\lab10\lab20var2\x64\debug\lab20var2.ilk
c:\users\danik\desktop\compgrd\computer-graphics\lab10\x64\debug\lab20var2.pdb
c:\users\danik\desktop\compgrd\computer-graphics\lab10\lab20var2\x64\debug\lab20var2.tlog\cl.command.1.tlog
c:\users\danik\desktop\compgrd\computer-graphics\lab10\lab20var2\x64\debug\lab20var2.tlog\cl.items.tlog
c:\users\danik\desktop\compgrd\computer-graphics\lab10\lab20var2\x64\debug\lab20var2.tlog\cl.read.1.tlog
c:\users\danik\desktop\compgrd\computer-graphics\lab10\lab20var2\x64\debug\lab20var2.tlog\cl.write.1.tlog
c:\users\danik\desktop\compgrd\computer-graphics\lab10\lab20var2\x64\debug\lab20var2.tlog\lab20var2.write.1u.tlog
c:\users\danik\desktop\compgrd\computer-graphics\lab10\lab20var2\x64\debug\lab20var2.tlog\link.command.1.tlog
c:\users\danik\desktop\compgrd\computer-graphics\lab10\lab20var2\x64\debug\lab20var2.tlog\link.read.1.tlog
c:\users\danik\desktop\compgrd\computer-graphics\lab10\lab20var2\x64\debug\lab20var2.tlog\link.secondary.1.tlog
c:\users\danik\desktop\compgrd\computer-graphics\lab10\lab20var2\x64\debug\lab20var2.tlog\link.write.1.tlog
