c:\users\danik\desktop\compgrd\computer-graphics\lab12\lab12\x64\debug\vc143.pdb
c:\users\danik\desktop\compgrd\computer-graphics\lab12\lab12\x64\debug\vc143.idb
c:\users\danik\desktop\compgrd\computer-graphics\lab12\lab12\x64\debug\shapes.obj
c:\users\danik\desktop\compgrd\computer-graphics\lab12\lab12\x64\debug\main.obj
d:\programming2024\graphics\lab1222\lb12\x64\debug\glew32d.dll
d:\programming2024\graphics\lab1222\lb12\x64\debug\sfml-graphics-d-2.dll
d:\programming2024\graphics\lab1222\lb12\x64\debug\sfml-window-d-2.dll
d:\programming2024\graphics\lab1222\lb12\x64\debug\sfml-system-d-2.dll
d:\programming2024\graphics\lab1222\lb12\x64\debug\freetyped.dll
d:\programming2024\graphics\lab1222\lb12\x64\debug\zlibd1.dll
d:\programming2024\graphics\lab1222\lb12\x64\debug\bz2d.dll
d:\programming2024\graphics\lab1222\lb12\x64\debug\libpng16d.dll
d:\programming2024\graphics\lab1222\lb12\x64\debug\brotlidec.dll
d:\programming2024\graphics\lab1222\lb12\x64\debug\brotlicommon.dll
c:\users\danik\desktop\compgrd\computer-graphics\lab12\x64\debug\glew32d.dll
c:\users\danik\desktop\compgrd\computer-graphics\lab12\x64\debug\sfml-graphics-d-2.dll
c:\users\danik\desktop\compgrd\computer-graphics\lab12\x64\debug\sfml-window-d-2.dll
c:\users\danik\desktop\compgrd\computer-graphics\lab12\x64\debug\sfml-system-d-2.dll
c:\users\danik\desktop\compgrd\computer-graphics\lab12\x64\debug\freetyped.dll
c:\users\danik\desktop\compgrd\computer-graphics\lab12\x64\debug\zlibd1.dll
c:\users\danik\desktop\compgrd\computer-graphics\lab12\x64\debug\bz2d.dll
c:\users\danik\desktop\compgrd\computer-graphics\lab12\x64\debug\libpng16d.dll
c:\users\danik\desktop\compgrd\computer-graphics\lab12\x64\debug\brotlidec.dll
c:\users\danik\desktop\compgrd\computer-graphics\lab12\x64\debug\brotlicommon.dll
c:\users\danik\desktop\compgrd\computer-graphics\lab12\x64\debug\lab12.exe
c:\users\danik\desktop\compgrd\computer-graphics\lab12\lab12\x64\debug\lab12.ilk
c:\users\danik\desktop\compgrd\computer-graphics\lab12\x64\debug\lab12.pdb
c:\users\danik\desktop\compgrd\computer-graphics\lab12\lab12\x64\debug\lab12.tlog\cl.command.1.tlog
c:\users\danik\desktop\compgrd\computer-graphics\lab12\lab12\x64\debug\lab12.tlog\cl.items.tlog
c:\users\danik\desktop\compgrd\computer-graphics\lab12\lab12\x64\debug\lab12.tlog\cl.read.1.tlog
c:\users\danik\desktop\compgrd\computer-graphics\lab12\lab12\x64\debug\lab12.tlog\cl.write.1.tlog
c:\users\danik\desktop\compgrd\computer-graphics\lab12\lab12\x64\debug\lab12.tlog\lab12.write.1u.tlog
c:\users\danik\desktop\compgrd\computer-graphics\lab12\lab12\x64\debug\lab12.tlog\link.command.1.tlog
c:\users\danik\desktop\compgrd\computer-graphics\lab12\lab12\x64\debug\lab12.tlog\link.read.1.tlog
c:\users\danik\desktop\compgrd\computer-graphics\lab12\lab12\x64\debug\lab12.tlog\link.write.1.tlog
